<?xml version="1.0" encoding="UTF-8"?>
<!-- Generated by org.testng.reporters.JUnitXMLReporter -->
<testsuite hostname="DESKTOP-08IDGDC" name="执行移动端美团测试用例" tests="34" failures="7" timestamp="16 Apr 2019 10:15:16 GMT" time="2867.702" errors="0">
  <testcase name="test001" time="26.535" classname="com.meituan.HomePageTest"/>
  <testcase name="test002" time="34.069" classname="com.meituan.HomePageTest"/>
  <testcase name="test003" time="26.662" classname="com.meituan.HomePageTest"/>
  <testcase name="test004" time="45.049" classname="com.meituan.HomePageTest"/>
  <testcase name="test005" time="8.135" classname="com.meituan.HomePageTest"/>
  <testcase name="test006" time="44.84" classname="com.meituan.HomePageTest"/>
  <testcase name="test007" time="82.463" classname="com.meituan.HomePageTest"/>
  <testcase name="test008" time="65.111" classname="com.meituan.HomePageTest"/>
  <testcase name="test009" time="40.23" classname="com.meituan.HomePageTest"/>
  <testcase name="test010" time="35.084" classname="com.meituan.HomePageTest"/>
  <testcase name="test011" time="15.572" classname="com.meituan.HomePageTest"/>
  <testcase name="test012" time="150.557" classname="com.meituan.HomePageTest"/>
  <testcase name="test014" time="44.472" classname="com.meituan.HomePageTest">
    <failure type="java.lang.AssertionError" message="expected [true] but found [false]">
      <![CDATA[java.lang.AssertionError: expected [true] but found [false]
	at com.meituan.HomePageTest.test014(HomePageTest.java:402)
	at com.sun.proxy.$Proxy0.invoke(Unknown Source)
... Removed 36 stack frames]]>
    </failure>
  </testcase> <!-- test014 -->
  <testcase name="test015" time="38.791" classname="com.meituan.HomePageTest"/>
  <testcase name="test016" time="32.627" classname="com.meituan.HomePageTest"/>
  <testcase name="test017" time="54.255" classname="com.meituan.HomePageTest"/>
  <testcase name="test018" time="60.771" classname="com.meituan.HomePageTest"/>
  <testcase name="test019" time="75.16" classname="com.meituan.HomePageTest">
    <failure type="org.openqa.selenium.NoSuchElementException" message="An element could not be located on the page using the given search parameters. (WARNING: The server did not provide any stacktrace information)
Command duration or timeout: 15.97 seconds
For documentation on this error, please visit: http://seleniumhq.org/exceptions/no_such_element.html
Build info: version: &amp;apos;2.46.0&amp;apos;, revision: &amp;apos;61506a4624b13675f24581e453592342b7485d71&amp;apos;, time: &amp;apos;2015-06-04 10:22:50&amp;apos;
System info: host: &amp;apos;DESKTOP-08IDGDC&amp;apos;, ip: &amp;apos;192.168.215.2&amp;apos;, os.name: &amp;apos;Windows 10&amp;apos;, os.arch: &amp;apos;x86&amp;apos;, os.version: &amp;apos;10.0&amp;apos;, java.version: &amp;apos;1.8.0_144&amp;apos;
Driver info: io.appium.java_client.android.AndroidDriver
Capabilities [{appPackage=com.sankuai.meituan, networkConnectionEnabled=true, noReset=true, warnings={}, databaseEnabled=false, deviceName=edaed87d, platform=LINUX, appActivity=com.meituan.android.pt.homepage.activity.MainActivity, desired={appPackage=com.sankuai.meituan, appActivity=com.meituan.android.pt.homepage.activity.MainActivity, noReset=true, platformVersion=6.0.1, unicodeKeyboard=true, platformName=Android, deviceName=edaed87d, resetKeyboard=true}, platformVersion=6.0.1, webStorageEnabled=false, locationContextEnabled=false, browserName=Android, takesScreenshot=true, javascriptEnabled=true, unicodeKeyboard=true, platformName=Android, resetKeyboard=true}]
Session ID: 5304cb1b-ecef-4b44-806b-b2b1f68f193a
*** Element info: {Using=id, value=com.sankuai.meituan:id/order_detail_title}">
      <![CDATA[org.openqa.selenium.NoSuchElementException: An element could not be located on the page using the given search parameters. (WARNING: The server did not provide any stacktrace information)
Command duration or timeout: 15.97 seconds
For documentation on this error, please visit: http://seleniumhq.org/exceptions/no_such_element.html
Build info: version: '2.46.0', revision: '61506a4624b13675f24581e453592342b7485d71', time: '2015-06-04 10:22:50'
System info: host: 'DESKTOP-08IDGDC', ip: '192.168.215.2', os.name: 'Windows 10', os.arch: 'x86', os.version: '10.0', java.version: '1.8.0_144'
Driver info: io.appium.java_client.android.AndroidDriver
Capabilities [{appPackage=com.sankuai.meituan, networkConnectionEnabled=true, noReset=true, warnings={}, databaseEnabled=false, deviceName=edaed87d, platform=LINUX, appActivity=com.meituan.android.pt.homepage.activity.MainActivity, desired={appPackage=com.sankuai.meituan, appActivity=com.meituan.android.pt.homepage.activity.MainActivity, noReset=true, platformVersion=6.0.1, unicodeKeyboard=true, platformName=Android, deviceName=edaed87d, resetKeyboard=true}, platformVersion=6.0.1, webStorageEnabled=false, locationContextEnabled=false, browserName=Android, takesScreenshot=true, javascriptEnabled=true, unicodeKeyboard=true, platformName=Android, resetKeyboard=true}]
Session ID: 5304cb1b-ecef-4b44-806b-b2b1f68f193a
*** Element info: {Using=id, value=com.sankuai.meituan:id/order_detail_title}
	at org.openqa.selenium.remote.ErrorHandler.createThrowable(ErrorHandler.java:204)
	at org.openqa.selenium.remote.ErrorHandler.throwIfResponseFailed(ErrorHandler.java:156)
	at org.openqa.selenium.remote.RemoteWebDriver.execute(RemoteWebDriver.java:605)
	at io.appium.java_client.DefaultGenericMobileDriver.execute(DefaultGenericMobileDriver.java:27)
	at io.appium.java_client.AppiumDriver.execute(AppiumDriver.java:1)
	at io.appium.java_client.android.AndroidDriver.execute(AndroidDriver.java:1)
	at org.openqa.selenium.remote.RemoteWebDriver.findElement(RemoteWebDriver.java:358)
	at org.openqa.selenium.remote.RemoteWebDriver.findElementById(RemoteWebDriver.java:399)
	at io.appium.java_client.DefaultGenericMobileDriver.findElementById(DefaultGenericMobileDriver.java:47)
	at io.appium.java_client.AppiumDriver.findElementById(AppiumDriver.java:1)
	at io.appium.java_client.android.AndroidDriver.findElementById(AndroidDriver.java:1)
	at org.openqa.selenium.By$ById.findElement(By.java:215)
	at org.openqa.selenium.remote.RemoteWebDriver.findElement(RemoteWebDriver.java:350)
	at io.appium.java_client.DefaultGenericMobileDriver.findElement(DefaultGenericMobileDriver.java:37)
	at io.appium.java_client.AppiumDriver.findElement(AppiumDriver.java:1)
	at io.appium.java_client.android.AndroidDriver.findElement(AndroidDriver.java:1)
	at com.meituan.Util.Action.gettext(Action.java:354)
	at com.meituan.HomePageTest.test019(HomePageTest.java:601)
	at com.sun.proxy.$Proxy0.invoke(Unknown Source)
... Removed 36 stack frames]]>
    </failure>
  </testcase> <!-- test019 -->
  <testcase name="test020" time="2.055" classname="com.meituan.HomePageTest">
    <failure type="org.openqa.selenium.WebDriverException" message="An unknown server-side error occurred while processing the command. (WARNING: The server did not provide any stacktrace information)
Command duration or timeout: 20 milliseconds
Build info: version: &amp;apos;2.46.0&amp;apos;, revision: &amp;apos;61506a4624b13675f24581e453592342b7485d71&amp;apos;, time: &amp;apos;2015-06-04 10:22:50&amp;apos;
System info: host: &amp;apos;DESKTOP-08IDGDC&amp;apos;, ip: &amp;apos;192.168.215.2&amp;apos;, os.name: &amp;apos;Windows 10&amp;apos;, os.arch: &amp;apos;x86&amp;apos;, os.version: &amp;apos;10.0&amp;apos;, java.version: &amp;apos;1.8.0_144&amp;apos;
Driver info: io.appium.java_client.android.AndroidDriver
Capabilities [{appPackage=com.sankuai.meituan, networkConnectionEnabled=true, noReset=true, warnings={}, databaseEnabled=false, deviceName=edaed87d, platform=LINUX, appActivity=com.meituan.android.pt.homepage.activity.MainActivity, desired={appPackage=com.sankuai.meituan, appActivity=com.meituan.android.pt.homepage.activity.MainActivity, noReset=true, platformVersion=6.0.1, unicodeKeyboard=true, platformName=Android, deviceName=edaed87d, resetKeyboard=true}, platformVersion=6.0.1, webStorageEnabled=false, locationContextEnabled=false, browserName=Android, takesScreenshot=true, javascriptEnabled=true, unicodeKeyboard=true, platformName=Android, resetKeyboard=true}]
Session ID: fb95a71b-6ca2-4a09-81f7-e817d5b152cc">
      <![CDATA[org.openqa.selenium.WebDriverException: An unknown server-side error occurred while processing the command. (WARNING: The server did not provide any stacktrace information)
Command duration or timeout: 20 milliseconds
Build info: version: '2.46.0', revision: '61506a4624b13675f24581e453592342b7485d71', time: '2015-06-04 10:22:50'
System info: host: 'DESKTOP-08IDGDC', ip: '192.168.215.2', os.name: 'Windows 10', os.arch: 'x86', os.version: '10.0', java.version: '1.8.0_144'
Driver info: io.appium.java_client.android.AndroidDriver
Capabilities [{appPackage=com.sankuai.meituan, networkConnectionEnabled=true, noReset=true, warnings={}, databaseEnabled=false, deviceName=edaed87d, platform=LINUX, appActivity=com.meituan.android.pt.homepage.activity.MainActivity, desired={appPackage=com.sankuai.meituan, appActivity=com.meituan.android.pt.homepage.activity.MainActivity, noReset=true, platformVersion=6.0.1, unicodeKeyboard=true, platformName=Android, deviceName=edaed87d, resetKeyboard=true}, platformVersion=6.0.1, webStorageEnabled=false, locationContextEnabled=false, browserName=Android, takesScreenshot=true, javascriptEnabled=true, unicodeKeyboard=true, platformName=Android, resetKeyboard=true}]
Session ID: fb95a71b-6ca2-4a09-81f7-e817d5b152cc
	at org.openqa.selenium.remote.ErrorHandler.createThrowable(ErrorHandler.java:204)
	at org.openqa.selenium.remote.ErrorHandler.throwIfResponseFailed(ErrorHandler.java:156)
	at org.openqa.selenium.remote.RemoteWebDriver.execute(RemoteWebDriver.java:605)
	at io.appium.java_client.DefaultGenericMobileDriver.execute(DefaultGenericMobileDriver.java:27)
	at io.appium.java_client.AppiumDriver.execute(AppiumDriver.java:1)
	at io.appium.java_client.android.AndroidDriver.execute(AndroidDriver.java:1)
	at io.appium.java_client.AppiumDriver.performTouchAction(AppiumDriver.java:380)
	at io.appium.java_client.TouchAction.perform(TouchAction.java:302)
	at io.appium.java_client.AppiumDriver.swipe(AppiumDriver.java:435)
	at com.meituan.Util.Action.Swipe(Action.java:177)
	at com.meituan.HomePageTest.test020(HomePageTest.java:622)
	at com.sun.proxy.$Proxy0.invoke(Unknown Source)
... Removed 36 stack frames]]>
    </failure>
  </testcase> <!-- test020 -->
  <testcase name="test021" time="53.235" classname="com.meituan.MeiShiPageTest"/>
  <testcase name="test022" time="63.006" classname="com.meituan.MeiShiPageTest">
    <failure type="java.lang.AssertionError" message="expected [true] but found [false]">
      <![CDATA[java.lang.AssertionError: expected [true] but found [false]
	at com.meituan.MeiShiPageTest.test022(MeiShiPageTest.java:80)
	at com.sun.proxy.$Proxy0.invoke(Unknown Source)
... Removed 36 stack frames]]>
    </failure>
  </testcase> <!-- test022 -->
  <testcase name="test023" time="82.668" classname="com.meituan.MeiShiPageTest"/>
  <testcase name="test024" time="140.198" classname="com.meituan.MeiShiPageTest"/>
  <testcase name="test025" time="174.94" classname="com.meituan.MeiShiPageTest"/>
  <testcase name="test026" time="143.165" classname="com.meituan.MeiShiPageTest"/>
  <testcase name="test027" time="91.213" classname="com.meituan.MeiShiPageTest"/>
  <testcase name="test028" time="137.949" classname="com.meituan.MeiShiPageTest"/>
  <testcase name="test029" time="150.963" classname="com.meituan.MeiShiPageTest"/>
  <testcase name="test030" time="149.213" classname="com.meituan.MeiShiPageTest"/>
  <testcase name="test031" time="128.769" classname="com.meituan.MeiShiPageTest"/>
  <testcase name="test034" time="89.747" classname="com.meituan.MeiShiPageTest">
    <failure type="java.lang.NumberFormatException" message="For input string: &amp;quot;去结算&amp;quot;">
      <![CDATA[java.lang.NumberFormatException: For input string: "去结算"
	at sun.misc.FloatingDecimal.readJavaFormatString(FloatingDecimal.java:2043)
	at sun.misc.FloatingDecimal.parseDouble(FloatingDecimal.java:110)
	at java.lang.Double.parseDouble(Double.java:538)
	at com.meituan.MeiShiPageTest.test034(MeiShiPageTest.java:988)
	at com.sun.proxy.$Proxy0.invoke(Unknown Source)
... Removed 32 stack frames]]>
    </failure>
  </testcase> <!-- test034 -->
  <testcase name="test034" time="76.773" classname="com.meituan.MeiShiPageTest">
    <failure type="java.lang.NumberFormatException" message="For input string: &amp;quot;去结算&amp;quot;">
      <![CDATA[java.lang.NumberFormatException: For input string: "去结算"
	at sun.misc.FloatingDecimal.readJavaFormatString(FloatingDecimal.java:2043)
	at sun.misc.FloatingDecimal.parseDouble(FloatingDecimal.java:110)
	at java.lang.Double.parseDouble(Double.java:538)
	at com.meituan.MeiShiPageTest.test034(MeiShiPageTest.java:988)
	at com.sun.proxy.$Proxy0.invoke(Unknown Source)
... Removed 32 stack frames]]>
    </failure>
  </testcase> <!-- test034 -->
  <testcase name="test034" time="159.494" classname="com.meituan.MeiShiPageTest"/>
  <testcase name="test034" time="101.292" classname="com.meituan.MeiShiPageTest">
    <failure type="java.lang.NumberFormatException" message="For input string: &amp;quot;去结算&amp;quot;">
      <![CDATA[java.lang.NumberFormatException: For input string: "去结算"
	at sun.misc.FloatingDecimal.readJavaFormatString(FloatingDecimal.java:2043)
	at sun.misc.FloatingDecimal.parseDouble(FloatingDecimal.java:110)
	at java.lang.Double.parseDouble(Double.java:538)
	at com.meituan.MeiShiPageTest.test034(MeiShiPageTest.java:988)
	at com.sun.proxy.$Proxy0.invoke(Unknown Source)
... Removed 32 stack frames]]>
    </failure>
  </testcase> <!-- test034 -->
</testsuite> <!-- 执行移动端美团测试用例 -->
