<?xml version="1.0" encoding="UTF-8"?>
<!-- Generated by org.testng.reporters.JUnitXMLReporter -->
<testsuite hostname="DESKTOP-08IDGDC" name="98895a383037523351" tests="3" failures="0" timestamp="16 May 2019 11:59:56 GMT" time="101.218" errors="0">
  <testcase name="teststartappium" time="18.148" classname="com.meituan.Testmain"/>
  <testcase name="teststartappium2" time="16.966" classname="com.meituan.Testmain"/>
  <testcase name="test001" time="17.263" classname="com.meituan.HomePageTest"/>
</testsuite> <!-- 98895a383037523351 -->
