<?xml version="1.0" encoding="UTF-8"?>
<!-- Generated by org.testng.reporters.JUnitXMLReporter -->
<testsuite hostname="DESKTOP-08IDGDC" name="98895a383037523351" tests="3" failures="0" timestamp="20 May 2019 06:18:00 GMT" time="96.138" errors="0">
  <testcase name="teststartappium" time="17.936" classname="com.meituan.Testmain"/>
  <testcase name="teststartappium2" time="15.454" classname="com.meituan.Testmain"/>
  <testcase name="test001" time="20.669" classname="com.meituan.HomePageTest"/>
</testsuite> <!-- 98895a383037523351 -->
