<?xml version="1.0" encoding="UTF-8" ?>
<testsuite tests="34" failures="7" name="TestSuite" time="2,869.546" errors="0" skipped="0">
  <properties>
[...]
</properties>
  <testcase classname="com.meituan.HomePageTest" name="test001" time="26.535"/>
  <testcase classname="com.meituan.HomePageTest" name="test002" time="34.07"/>
  <testcase classname="com.meituan.HomePageTest" name="test003" time="26.662"/>
  <testcase classname="com.meituan.HomePageTest" name="test004" time="45.048"/>
  <testcase classname="com.meituan.HomePageTest" name="test005" time="8.135"/>
  <testcase classname="com.meituan.HomePageTest" name="test006" time="44.84"/>
  <testcase classname="com.meituan.HomePageTest" name="test007" time="82.463"/>
  <testcase classname="com.meituan.HomePageTest" name="test008" time="65.111"/>
  <testcase classname="com.meituan.HomePageTest" name="test009" time="40.23"/>
  <testcase classname="com.meituan.HomePageTest" name="test010" time="35.084"/>
  <testcase classname="com.meituan.HomePageTest" name="test011" time="15.572"/>
  <testcase classname="com.meituan.HomePageTest" name="test012" time="150.557"/>
  <testcase classname="com.meituan.HomePageTest" name="test014" time="44.475">
    <failure message="expected [true] but found [false]" type="java.lang.AssertionError">java.lang.AssertionError: expected [true] but found [false]
	at org.testng.Assert.fail(Assert.java:94)
	at org.testng.Assert.failNotEquals(Assert.java:513)
	at org.testng.Assert.assertTrue(Assert.java:42)
	at org.testng.Assert.assertTrue(Assert.java:52)
	at com.meituan.HomePageTest.test014(HomePageTest.java:402)
</failure>
    <system-out>App is launched!
测试截图名称:D:\Springboot\AppiumTest\测试截图\2019-04-16-17-38-56进入我的订单测试截图.jpg
进入订单页面成功
</system-out>
  </testcase>
  <testcase classname="com.meituan.HomePageTest" name="test015" time="38.791"/>
  <testcase classname="com.meituan.HomePageTest" name="test016" time="32.627"/>
  <testcase classname="com.meituan.HomePageTest" name="test017" time="54.255"/>
  <testcase classname="com.meituan.HomePageTest" name="test018" time="60.771"/>
  <testcase classname="com.meituan.HomePageTest" name="test019" time="75.191">
    <failure message="An element could not be located on the page using the given search parameters. (WARNING: The server did not provide any stacktrace information)
Command duration or timeout: 15.97 seconds
For documentation on this error, please visit: http://seleniumhq.org/exceptions/no_such_element.html
Build info: version: &apos;2.46.0&apos;, revision: &apos;61506a4624b13675f24581e453592342b7485d71&apos;, time: &apos;2015-06-04 10:22:50&apos;
System info: host: &apos;DESKTOP-08IDGDC&apos;, ip: &apos;192.168.215.2&apos;, os.name: &apos;Windows 10&apos;, os.arch: &apos;x86&apos;, os.version: &apos;10.0&apos;, java.version: &apos;1.8.0_144&apos;
Driver info: io.appium.java_client.android.AndroidDriver
Capabilities [{appPackage=com.sankuai.meituan, networkConnectionEnabled=true, noReset=true, warnings={}, databaseEnabled=false, deviceName=edaed87d, platform=LINUX, appActivity=com.meituan.android.pt.homepage.activity.MainActivity, desired={appPackage=com.sankuai.meituan, appActivity=com.meituan.android.pt.homepage.activity.MainActivity, noReset=true, platformVersion=6.0.1, unicodeKeyboard=true, platformName=Android, deviceName=edaed87d, resetKeyboard=true}, platformVersion=6.0.1, webStorageEnabled=false, locationContextEnabled=false, browserName=Android, takesScreenshot=true, javascriptEnabled=true, unicodeKeyboard=true, platformName=Android, resetKeyboard=true}]
Session ID: 5304cb1b-ecef-4b44-806b-b2b1f68f193a
*** Element info: {Using=id, value=com.sankuai.meituan:id/order_detail_title}" type="org.openqa.selenium.NoSuchElementException">org.openqa.selenium.NoSuchElementException: An element could not be located on the page using the given search parameters. (WARNING: The server did not provide any stacktrace information)
Command duration or timeout: 15.97 seconds
For documentation on this error, please visit: http://seleniumhq.org/exceptions/no_such_element.html
Build info: version: &apos;2.46.0&apos;, revision: &apos;61506a4624b13675f24581e453592342b7485d71&apos;, time: &apos;2015-06-04 10:22:50&apos;
System info: host: &apos;DESKTOP-08IDGDC&apos;, ip: &apos;192.168.215.2&apos;, os.name: &apos;Windows 10&apos;, os.arch: &apos;x86&apos;, os.version: &apos;10.0&apos;, java.version: &apos;1.8.0_144&apos;
Driver info: io.appium.java_client.android.AndroidDriver
Capabilities [{appPackage=com.sankuai.meituan, networkConnectionEnabled=true, noReset=true, warnings={}, databaseEnabled=false, deviceName=edaed87d, platform=LINUX, appActivity=com.meituan.android.pt.homepage.activity.MainActivity, desired={appPackage=com.sankuai.meituan, appActivity=com.meituan.android.pt.homepage.activity.MainActivity, noReset=true, platformVersion=6.0.1, unicodeKeyboard=true, platformName=Android, deviceName=edaed87d, resetKeyboard=true}, platformVersion=6.0.1, webStorageEnabled=false, locationContextEnabled=false, browserName=Android, takesScreenshot=true, javascriptEnabled=true, unicodeKeyboard=true, platformName=Android, resetKeyboard=true}]
Session ID: 5304cb1b-ecef-4b44-806b-b2b1f68f193a
*** Element info: {Using=id, value=com.sankuai.meituan:id/order_detail_title}
	at sun.reflect.NativeConstructorAccessorImpl.newInstance0(Native Method)
	at sun.reflect.NativeConstructorAccessorImpl.newInstance(NativeConstructorAccessorImpl.java:62)
	at sun.reflect.DelegatingConstructorAccessorImpl.newInstance(DelegatingConstructorAccessorImpl.java:45)
	at java.lang.reflect.Constructor.newInstance(Constructor.java:423)
	at org.openqa.selenium.remote.ErrorHandler.createThrowable(ErrorHandler.java:204)
	at org.openqa.selenium.remote.ErrorHandler.throwIfResponseFailed(ErrorHandler.java:156)
	at org.openqa.selenium.remote.RemoteWebDriver.execute(RemoteWebDriver.java:605)
	at io.appium.java_client.DefaultGenericMobileDriver.execute(DefaultGenericMobileDriver.java:27)
	at io.appium.java_client.AppiumDriver.execute(AppiumDriver.java:1)
	at io.appium.java_client.android.AndroidDriver.execute(AndroidDriver.java:1)
	at org.openqa.selenium.remote.RemoteWebDriver.findElement(RemoteWebDriver.java:358)
	at org.openqa.selenium.remote.RemoteWebDriver.findElementById(RemoteWebDriver.java:399)
	at io.appium.java_client.DefaultGenericMobileDriver.findElementById(DefaultGenericMobileDriver.java:47)
	at io.appium.java_client.AppiumDriver.findElementById(AppiumDriver.java:1)
	at io.appium.java_client.android.AndroidDriver.findElementById(AndroidDriver.java:1)
	at org.openqa.selenium.By$ById.findElement(By.java:215)
	at org.openqa.selenium.remote.RemoteWebDriver.findElement(RemoteWebDriver.java:350)
	at io.appium.java_client.DefaultGenericMobileDriver.findElement(DefaultGenericMobileDriver.java:37)
	at io.appium.java_client.AppiumDriver.findElement(AppiumDriver.java:1)
	at io.appium.java_client.android.AndroidDriver.findElement(AndroidDriver.java:1)
	at com.meituan.Util.Action.gettext(Action.java:354)
	at com.meituan.HomePageTest.test019(HomePageTest.java:601)
</failure>
    <system-out>App is launched!
测试截图名称:D:\Springboot\AppiumTest\测试截图\2019-04-16-17-43-23进入我的订单测试截图.jpg
进入订单页面成功
有订单
测试截图名称:D:\Springboot\AppiumTest\测试截图\2019-04-16-17-43-56测试截图01902.jpg
</system-out>
  </testcase>
  <testcase classname="com.meituan.HomePageTest" name="test020" time="2.06">
    <failure message="An unknown server-side error occurred while processing the command. (WARNING: The server did not provide any stacktrace information)
Command duration or timeout: 20 milliseconds
Build info: version: &apos;2.46.0&apos;, revision: &apos;61506a4624b13675f24581e453592342b7485d71&apos;, time: &apos;2015-06-04 10:22:50&apos;
System info: host: &apos;DESKTOP-08IDGDC&apos;, ip: &apos;192.168.215.2&apos;, os.name: &apos;Windows 10&apos;, os.arch: &apos;x86&apos;, os.version: &apos;10.0&apos;, java.version: &apos;1.8.0_144&apos;
Driver info: io.appium.java_client.android.AndroidDriver
Capabilities [{appPackage=com.sankuai.meituan, networkConnectionEnabled=true, noReset=true, warnings={}, databaseEnabled=false, deviceName=edaed87d, platform=LINUX, appActivity=com.meituan.android.pt.homepage.activity.MainActivity, desired={appPackage=com.sankuai.meituan, appActivity=com.meituan.android.pt.homepage.activity.MainActivity, noReset=true, platformVersion=6.0.1, unicodeKeyboard=true, platformName=Android, deviceName=edaed87d, resetKeyboard=true}, platformVersion=6.0.1, webStorageEnabled=false, locationContextEnabled=false, browserName=Android, takesScreenshot=true, javascriptEnabled=true, unicodeKeyboard=true, platformName=Android, resetKeyboard=true}]
Session ID: fb95a71b-6ca2-4a09-81f7-e817d5b152cc" type="org.openqa.selenium.WebDriverException">org.openqa.selenium.WebDriverException: An unknown server-side error occurred while processing the command. (WARNING: The server did not provide any stacktrace information)
Command duration or timeout: 20 milliseconds
Build info: version: &apos;2.46.0&apos;, revision: &apos;61506a4624b13675f24581e453592342b7485d71&apos;, time: &apos;2015-06-04 10:22:50&apos;
System info: host: &apos;DESKTOP-08IDGDC&apos;, ip: &apos;192.168.215.2&apos;, os.name: &apos;Windows 10&apos;, os.arch: &apos;x86&apos;, os.version: &apos;10.0&apos;, java.version: &apos;1.8.0_144&apos;
Driver info: io.appium.java_client.android.AndroidDriver
Capabilities [{appPackage=com.sankuai.meituan, networkConnectionEnabled=true, noReset=true, warnings={}, databaseEnabled=false, deviceName=edaed87d, platform=LINUX, appActivity=com.meituan.android.pt.homepage.activity.MainActivity, desired={appPackage=com.sankuai.meituan, appActivity=com.meituan.android.pt.homepage.activity.MainActivity, noReset=true, platformVersion=6.0.1, unicodeKeyboard=true, platformName=Android, deviceName=edaed87d, resetKeyboard=true}, platformVersion=6.0.1, webStorageEnabled=false, locationContextEnabled=false, browserName=Android, takesScreenshot=true, javascriptEnabled=true, unicodeKeyboard=true, platformName=Android, resetKeyboard=true}]
Session ID: fb95a71b-6ca2-4a09-81f7-e817d5b152cc
	at sun.reflect.NativeConstructorAccessorImpl.newInstance0(Native Method)
	at sun.reflect.NativeConstructorAccessorImpl.newInstance(NativeConstructorAccessorImpl.java:62)
	at sun.reflect.DelegatingConstructorAccessorImpl.newInstance(DelegatingConstructorAccessorImpl.java:45)
	at java.lang.reflect.Constructor.newInstance(Constructor.java:423)
	at org.openqa.selenium.remote.ErrorHandler.createThrowable(ErrorHandler.java:204)
	at org.openqa.selenium.remote.ErrorHandler.throwIfResponseFailed(ErrorHandler.java:156)
	at org.openqa.selenium.remote.RemoteWebDriver.execute(RemoteWebDriver.java:605)
	at io.appium.java_client.DefaultGenericMobileDriver.execute(DefaultGenericMobileDriver.java:27)
	at io.appium.java_client.AppiumDriver.execute(AppiumDriver.java:1)
	at io.appium.java_client.android.AndroidDriver.execute(AndroidDriver.java:1)
	at io.appium.java_client.AppiumDriver.performTouchAction(AppiumDriver.java:380)
	at io.appium.java_client.TouchAction.perform(TouchAction.java:302)
	at io.appium.java_client.AppiumDriver.swipe(AppiumDriver.java:435)
	at com.meituan.Util.Action.Swipe(Action.java:177)
	at com.meituan.HomePageTest.test020(HomePageTest.java:622)
</failure>
    <system-out>App is launched!
</system-out>
  </testcase>
  <testcase classname="com.meituan.MeiShiPageTest" name="test021" time="53.235"/>
  <testcase classname="com.meituan.MeiShiPageTest" name="test022" time="63.007">
    <failure message="expected [true] but found [false]" type="java.lang.AssertionError">java.lang.AssertionError: expected [true] but found [false]
	at org.testng.Assert.fail(Assert.java:94)
	at org.testng.Assert.failNotEquals(Assert.java:513)
	at org.testng.Assert.assertTrue(Assert.java:42)
	at org.testng.Assert.assertTrue(Assert.java:52)
	at com.meituan.MeiShiPageTest.test022(MeiShiPageTest.java:80)
</failure>
    <system-out>App is launched!
</system-out>
  </testcase>
  <testcase classname="com.meituan.MeiShiPageTest" name="test023" time="82.668"/>
  <testcase classname="com.meituan.MeiShiPageTest" name="test024" time="140.198"/>
  <testcase classname="com.meituan.MeiShiPageTest" name="test025" time="174.94"/>
  <testcase classname="com.meituan.MeiShiPageTest" name="test026" time="143.165"/>
  <testcase classname="com.meituan.MeiShiPageTest" name="test027" time="91.213"/>
  <testcase classname="com.meituan.MeiShiPageTest" name="test028" time="137.949"/>
  <testcase classname="com.meituan.MeiShiPageTest" name="test029" time="150.963"/>
  <testcase classname="com.meituan.MeiShiPageTest" name="test030" time="149.213"/>
  <testcase classname="com.meituan.MeiShiPageTest" name="test031" time="128.769"/>
  <testcase classname="com.meituan.MeiShiPageTest" name="test034" time="89.748">
    <failure message="For input string: &quot;去结算&quot;" type="java.lang.NumberFormatException">java.lang.NumberFormatException: For input string: &quot;去结算&quot;
	at sun.misc.FloatingDecimal.readJavaFormatString(FloatingDecimal.java:2043)
	at sun.misc.FloatingDecimal.parseDouble(FloatingDecimal.java:110)
	at java.lang.Double.parseDouble(Double.java:538)
	at com.meituan.MeiShiPageTest.test034(MeiShiPageTest.java:988)
</failure>
    <system-out>App is launched!
满29减10;满45减15;满60减18;满99减30
商品列表中商品价格：16.8
</system-out>
  </testcase>
  <testcase classname="com.meituan.MeiShiPageTest" name="test034" time="76.775">
    <failure message="For input string: &quot;去结算&quot;" type="java.lang.NumberFormatException">java.lang.NumberFormatException: For input string: &quot;去结算&quot;
	at sun.misc.FloatingDecimal.readJavaFormatString(FloatingDecimal.java:2043)
	at sun.misc.FloatingDecimal.parseDouble(FloatingDecimal.java:110)
	at java.lang.Double.parseDouble(Double.java:538)
	at com.meituan.MeiShiPageTest.test034(MeiShiPageTest.java:988)
</failure>
    <system-out>App is launched!
满30减18;满50减25;满80减35
商品列表中商品价格：32.0
</system-out>
  </testcase>
  <testcase classname="com.meituan.MeiShiPageTest" name="test034" time="159.494"/>
  <testcase classname="com.meituan.MeiShiPageTest" name="test034" time="101.293">
    <failure message="For input string: &quot;去结算&quot;" type="java.lang.NumberFormatException">java.lang.NumberFormatException: For input string: &quot;去结算&quot;
	at sun.misc.FloatingDecimal.readJavaFormatString(FloatingDecimal.java:2043)
	at sun.misc.FloatingDecimal.parseDouble(FloatingDecimal.java:110)
	at java.lang.Double.parseDouble(Double.java:538)
	at com.meituan.MeiShiPageTest.test034(MeiShiPageTest.java:988)
</failure>
    <system-out>App is launched!
满21减20;满40减22;满60减30;满86减36;满99减45
商品列表中商品价格：9.9
</system-out>
  </testcase>
</testsuite>